<html>
<head>
<title>TestNG:  All Tests</title>
<link href="../testng.css" rel="stylesheet" type="text/css" />
<link href="../my-testng.css" rel="stylesheet" type="text/css" />

<style type="text/css">
.log { display: none;} 
.stack-trace { display: none;} 
</style>
<script type="text/javascript">
<!--
function flip(e) {
  current = e.style.display;
  if (current == 'block') {
    e.style.display = 'none';
    return 0;
  }
  else {
    e.style.display = 'block';
    return 1;
  }
}

function toggleBox(szDivId, elem, msg1, msg2)
{
  var res = -1;  if (document.getElementById) {
    res = flip(document.getElementById(szDivId));
  }
  else if (document.all) {
    // this is the way old msie versions work
    res = flip(document.all[szDivId]);
  }
  if(elem) {
    if(res == 0) elem.innerHTML = msg1; else elem.innerHTML = msg2;
  }

}

function toggleAllBoxes() {
  if (document.getElementsByTagName) {
    d = document.getElementsByTagName('div');
    for (i = 0; i < d.length; i++) {
      if (d[i].className == 'log') {
        flip(d[i]);
      }
    }
  }
}

// -->
</script>

</head>
<body>
<h2 align='center'>All Tests</h2><table border='1' align="center">
<tr>
<td>Tests passed/Failed/Skipped:</td><td>12/1/0</td>
</tr><tr>
<td>Started on:</td><td>Tue Apr 01 11:28:06 IST 2025</td>
</tr>
<tr><td>Total time:</td><td>28 seconds (28362 ms)</td>
</tr><tr>
<td>Included groups:</td><td></td>
</tr><tr>
<td>Excluded groups:</td><td></td>
</tr>
</table><p/>
<small><i>(Hover the method name to see the test class name)</i></small><p/>
<table width='100%' border='1' class='invocation-failed'>
<tr><td colspan='4' align='center'><b>FAILED TESTS</b></td></tr>
<tr><td><b>Test method</b></td>
<td><b>Attribute(s)</b></td>
<td width="30%"><b>Exception</b></td>
<td width="10%"><b>Time (seconds)</b></td>
<td><b>Instance</b></td>
</tr>
<tr>
<td title='tests.ProductSortTest.testSortByPriceLowToHigh()'><b>testSortByPriceLowToHigh</b><br>Test class: tests.ProductSortTest</td>
<td><div><pre>java.lang.AssertionError: failed
	at tests.ProductSortTest.testSortByPriceLowToHigh(ProductSortTest.java:49)
	at java.base/java.util.concurrent.Executors$RunnableAdapter.call(Executors.java:572)
	at java.base/java.util.concurrent.FutureTask.run(FutureTask.java:317)
	at java.base/java.util.concurrent.ThreadPoolExecutor.runWorker(ThreadPoolExecutor.java:1144)
	at java.base/java.util.concurrent.ThreadPoolExecutor$Worker.run(ThreadPoolExecutor.java:642)
	at java.base/java.lang.Thread.run(Thread.java:1583)
... Removed 12 stack frames</pre></div><a href='#' onClick='toggleBox("stack-trace1060887217", this, "Click to show all stack frames", "Click to hide stack frames")'>Click to show all stack frames</a>
<div class='stack-trace' id='stack-trace1060887217'><pre>java.lang.AssertionError: failed
	at org.testng.AssertJUnit.fail(AssertJUnit.java:65)
	at tests.ProductSortTest.testSortByPriceLowToHigh(ProductSortTest.java:49)
	at java.base/jdk.internal.reflect.DirectMethodHandleAccessor.invoke(DirectMethodHandleAccessor.java:103)
	at java.base/java.lang.reflect.Method.invoke(Method.java:580)
	at org.testng.internal.invokers.MethodInvocationHelper.invokeMethod(MethodInvocationHelper.java:141)
	at org.testng.internal.invokers.TestInvoker.invokeMethod(TestInvoker.java:687)
	at org.testng.internal.invokers.TestInvoker.invokeTestMethod(TestInvoker.java:230)
	at org.testng.internal.invokers.MethodRunner.runInSequence(MethodRunner.java:63)
	at org.testng.internal.invokers.TestInvoker$MethodInvocationAgent.invoke(TestInvoker.java:995)
	at org.testng.internal.invokers.TestInvoker.invokeTestMethods(TestInvoker.java:203)
	at org.testng.internal.invokers.TestMethodWorker.invokeTestMethods(TestMethodWorker.java:154)
	at org.testng.internal.invokers.TestMethodWorker.run(TestMethodWorker.java:134)
	at java.base/java.util.concurrent.Executors$RunnableAdapter.call(Executors.java:572)
	at java.base/java.util.concurrent.FutureTask.run(FutureTask.java:317)
	at org.testng.internal.thread.graph.TestNGFutureTask.run(TestNGFutureTask.java:22)
	at java.base/java.util.concurrent.ThreadPoolExecutor.runWorker(ThreadPoolExecutor.java:1144)
	at java.base/java.util.concurrent.ThreadPoolExecutor$Worker.run(ThreadPoolExecutor.java:642)
	at java.base/java.lang.Thread.run(Thread.java:1583)
</pre></div></td>
<td>1</td>
<td>tests.ProductSortTest@2b0f373b</td></tr>
</table><p>
<table width='100%' border='1' class='invocation-passed'>
<tr><td colspan='4' align='center'><b>PASSED TESTS</b></td></tr>
<tr><td><b>Test method</b></td>
<td><b>Attribute(s)</b></td>
<td width="30%"><b>Exception</b></td>
<td width="10%"><b>Time (seconds)</b></td>
<td><b>Instance</b></td>
</tr>
<tr>
<td title='tests.CompletePuchrchaseTest.testCheckoutWithDifferentUsers()'><b>testCheckoutWithDifferentUsers</b><br>Test class: tests.CompletePuchrchaseTest<br>Parameters: Alice, Smith, 98765.0</td>
<td></td>
<td>2</td>
<td>tests.CompletePuchrchaseTest@373ebf74</td></tr>
<tr>
<td title='tests.CompletePuchrchaseTest.testCheckoutWithDifferentUsers()'><b>testCheckoutWithDifferentUsers</b><br>Test class: tests.CompletePuchrchaseTest<br>Parameters: Bob, Johnson, 45678.0</td>
<td></td>
<td>2</td>
<td>tests.CompletePuchrchaseTest@373ebf74</td></tr>
<tr>
<td title='tests.ProductSortTest.testSortByNameAscending()'><b>testSortByNameAscending</b><br>Test class: tests.ProductSortTest</td>
<td></td>
<td>1</td>
<td>tests.ProductSortTest@2b0f373b</td></tr>
<tr>
<td title='tests.RemoveProductTest.testRemoveProductFromCart()'><b>testRemoveProductFromCart</b><br>Test class: tests.RemoveProductTest</td>
<td></td>
<td>1</td>
<td>tests.RemoveProductTest@4aa83f4f</td></tr>
<tr>
<td title='tests.ProductSortTest.Verify_the_product_list_is_displayed_after_login()'><b>Verify_the_product_list_is_displayed_after_login</b><br>Test class: tests.ProductSortTest</td>
<td></td>
<td>1</td>
<td>tests.ProductSortTest@2b0f373b</td></tr>
<tr>
<td title='tests.CompletePuchrchaseTest.testCheckoutWithDifferentUsers()'><b>testCheckoutWithDifferentUsers</b><br>Test class: tests.CompletePuchrchaseTest<br>Parameters: John, Doe, 12345.0</td>
<td></td>
<td>2</td>
<td>tests.CompletePuchrchaseTest@373ebf74</td></tr>
<tr>
<td title='tests.ProductSortTest.testSortByNameDescending()'><b>testSortByNameDescending</b><br>Test class: tests.ProductSortTest</td>
<td></td>
<td>1</td>
<td>tests.ProductSortTest@2b0f373b</td></tr>
<tr>
<td title='tests.LoginTest1.testValidLogin()'><b>testValidLogin</b><br>Test class: tests.LoginTest1</td>
<td></td>
<td>0</td>
<td>tests.LoginTest1@615091b8</td></tr>
<tr>
<td title='tests.LoginTest.testLogin()'><b>testLogin</b><br>Test class: tests.LoginTest</td>
<td></td>
<td>1</td>
<td>tests.LoginTest@4fce136b</td></tr>
<tr>
<td title='tests.LoginTest.tesInvalidLogin()'><b>tesInvalidLogin</b><br>Test class: tests.LoginTest</td>
<td></td>
<td>0</td>
<td>tests.LoginTest@4fce136b</td></tr>
<tr>
<td title='tests.AddToCartTest.verifyAddProductToCart()'><b>verifyAddProductToCart</b><br>Test class: tests.AddToCartTest</td>
<td></td>
<td>1</td>
<td>tests.AddToCartTest@2ceb80a1</td></tr>
<tr>
<td title='tests.ProductSortTest.testSortByPriceHighToLow()'><b>testSortByPriceHighToLow</b><br>Test class: tests.ProductSortTest</td>
<td></td>
<td>1</td>
<td>tests.ProductSortTest@2b0f373b</td></tr>
</table><p>
</body>
</html>