<?xml version="1.0" encoding="UTF-8"?>
<!-- Generated by org.testng.reporters.JUnitXMLReporter -->
<testsuite ignored="0" hostname="Presidios-MacBook-Pro-4.local" failures="1" tests="13" name="All Tests" time="28.362" errors="0" timestamp="2025-04-01T11:28:34 IST">
  <testcase classname="tests.ProductSortTest" name="Verify_the_product_list_is_displayed_after_login" time="1.272"/>
  <testcase classname="tests.CompletePuchrchaseTest" name="testCheckoutWithDifferentUsers" time="2.799"/>
  <testcase classname="tests.ProductSortTest" name="testSortByNameAscending" time="1.3"/>
  <testcase classname="tests.CompletePuchrchaseTest" name="testCheckoutWithDifferentUsers" time="2.812"/>
  <testcase classname="tests.ProductSortTest" name="testSortByNameDescending" time="1.149"/>
  <testcase classname="tests.CompletePuchrchaseTest" name="testCheckoutWithDifferentUsers" time="2.33"/>
  <testcase classname="tests.ProductSortTest" name="testSortByPriceLowToHigh" time="1.248">
    <failure type="java.lang.AssertionError" message="failed">
      <![CDATA[java.lang.AssertionError: failed
at tests.ProductSortTest.testSortByPriceLowToHigh(ProductSortTest.java:49)
at java.base/java.util.concurrent.Executors$RunnableAdapter.call(Executors.java:572)
at java.base/java.util.concurrent.FutureTask.run(FutureTask.java:317)
at java.base/java.util.concurrent.ThreadPoolExecutor.runWorker(ThreadPoolExecutor.java:1144)
at java.base/java.util.concurrent.ThreadPoolExecutor$Worker.run(ThreadPoolExecutor.java:642)
at java.base/java.lang.Thread.run(Thread.java:1583)
... Removed 12 stack frames]]>
    </failure>
  </testcase> <!-- testSortByPriceLowToHigh -->
  <testcase classname="tests.AddToCartTest" name="verifyAddProductToCart" time="1.206"/>
  <testcase classname="tests.ProductSortTest" name="testSortByPriceHighToLow" time="1.177"/>
  <testcase classname="tests.LoginTest1" name="testValidLogin" time="0.375"/>
  <testcase classname="tests.LoginTest" name="tesInvalidLogin" time="0.679"/>
  <testcase classname="tests.RemoveProductTest" name="testRemoveProductFromCart" time="1.267"/>
  <testcase classname="tests.LoginTest" name="testLogin" time="1.018"/>
</testsuite> <!-- All Tests -->
