<?xml version="1.0" encoding="UTF-8"?>
<!-- Generated by org.testng.reporters.JUnitXMLReporter -->
<testsuite ignored="0" hostname="Presidios-MacBook-Pro-4.local" failures="1" tests="5" name="Test" time="19.314" errors="0" timestamp="2025-03-29T17:38:04 IST">
  <testcase classname="tests.ProductSortTest" name="Verify_the_product_list_is_displayed_after_login" time="0.578"/>
  <testcase classname="tests.ProductSortTest" name="testSortByNameAscending" time="0.532"/>
  <testcase classname="tests.ProductSortTest" name="testSortByNameDescending" time="0.554"/>
  <testcase classname="tests.ProductSortTest" name="testSortByPriceLowToHigh" time="0.56">
    <failure type="java.lang.AssertionError" message="failed">
      <![CDATA[java.lang.AssertionError: failed
at tests.ProductSortTest.testSortByPriceLowToHigh(ProductSortTest.java:50)
at java.base/java.util.ArrayList.forEach(ArrayList.java:1596)
... Removed 26 stack frames]]>
    </failure>
  </testcase> <!-- testSortByPriceLowToHigh -->
  <testcase classname="tests.ProductSortTest" name="testSortByPriceHighToLow" time="0.558"/>
</testsuite> <!-- Test -->
